
> @ignite-ui/docs@1.0.0 build
> storybook build

@storybook/cli v7.4.0

info => Cleaning outputDir: \storybook-static
info => Loading presets
info => Building manager..
info => Manager built (376 ms)
info => Copying static files: C:\Users\T-Gamer\Documents\www\Rocketseat\React\aulas\05-design-system\node_modules\@storybook\manager\static at C:\Users\T-Gamer\Documents\www\Rocketseat\React\aulas\05-design-system\packages\docs\storybook-static\sb-common-assets
[36mvite v4.4.9 [32mbuilding for production...[36m[39m

./sb-common-assets/fonts.css doesn't exist at build time, it will remain unchanged to be resolved at runtime
transforming...
WARN Expected '@storybook/addon-actions' (or '@storybook/addon-essentials') to be listed before '@storybook/addon-interactions' in main Storybook config.
../../node_modules/telejson/dist/index.mjs (1413:15) Use of eval in "../../node_modules/telejson/dist/index.mjs" is strongly discouraged as it poses security risks and may cause issues with minification.
../../node_modules/telejson/dist/index.mjs (1416:18) Use of eval in "../../node_modules/telejson/dist/index.mjs" is strongly discouraged as it poses security risks and may cause issues with minification.
[32m✓[39m 585 modules transformed.
rendering chunks...
computing gzip size...
[2mstorybook-static/[22m[32miframe.html                                         [39m[1m[2m 13.10 kB[22m[1m[22m[2m │ gzip:   3.69 kB[22m
[2mstorybook-static/[22m[35massets/TokensGrid-eae8031d.css                      [39m[1m[2m  0.42 kB[22m[1m[22m[2m │ gzip:   0.22 kB[22m
[2mstorybook-static/[22m[36massets/index-3685aeb7.js                            [39m[1m[2m  0.25 kB[22m[1m[22m[2m │ gzip:   0.20 kB[22m[2m │ map:     0.10 kB[22m
[2mstorybook-static/[22m[36massets/preview-b5a106ec.js                          [39m[1m[2m  0.26 kB[22m[1m[22m[2m │ gzip:   0.24 kB[22m[2m │ map:     0.68 kB[22m
[2mstorybook-static/[22m[36massets/_commonjsHelpers-725317a4.js                 [39m[1m[2m  0.29 kB[22m[1m[22m[2m │ gzip:   0.23 kB[22m[2m │ map:     0.11 kB[22m
[2mstorybook-static/[22m[36massets/DocsRenderer-3PUGWF3O-df6b85b4.js            [39m[1m[2m  0.42 kB[22m[1m[22m[2m │ gzip:   0.28 kB[22m[2m │ map:     0.11 kB[22m
[2mstorybook-static/[22m[36massets/WithTooltip-J57HCPYA-1c835c43.js             [39m[1m[2m  0.44 kB[22m[1m[22m[2m │ gzip:   0.28 kB[22m[2m │ map:     0.11 kB[22m
[2mstorybook-static/[22m[36massets/syntaxhighlighter-PONEFOSF-4b1c25b9.js       [39m[1m[2m  0.46 kB[22m[1m[22m[2m │ gzip:   0.31 kB[22m[2m │ map:     0.12 kB[22m
[2mstorybook-static/[22m[36massets/index-dc1d5b46.js                            [39m[1m[2m  0.53 kB[22m[1m[22m[2m │ gzip:   0.34 kB[22m[2m │ map:     4.23 kB[22m
[2mstorybook-static/[22m[36massets/preview-bc843b67.js                          [39m[1m[2m  0.53 kB[22m[1m[22m[2m │ gzip:   0.35 kB[22m[2m │ map:     0.48 kB[22m
[2mstorybook-static/[22m[36massets/preview-87eac49b.js                          [39m[1m[2m  0.68 kB[22m[1m[22m[2m │ gzip:   0.48 kB[22m[2m │ map:     3.77 kB[22m
[2mstorybook-static/[22m[36massets/index-356e4a49.js                            [39m[1m[2m  0.81 kB[22m[1m[22m[2m │ gzip:   0.51 kB[22m[2m │ map:     3.22 kB[22m
[33m
(!) Some chunks are larger than 500 kBs after minification. Consider:
- Using dynamic import() to code-split the application
- Use build.rollupOptions.output.manualChunks to improve chunking: https://rollupjs.org/configuration-options/#output-manualchunks
- Adjust chunk size limit for this warning via build.chunkSizeWarningLimit.[39m
[2mstorybook-static/[22m[36massets/TokensGrid-2c9c3395.js                       [39m[1m[2m  0.88 kB[22m[1m[22m[2m │ gzip:   0.46 kB[22m[2m │ map:     1.73 kB[22m
[2mstorybook-static/[22m[36massets/preview-b3c37142.js                          [39m[1m[2m  0.90 kB[22m[1m[22m[2m │ gzip:   0.59 kB[22m[2m │ map:     2.88 kB[22m
[2mstorybook-static/[22m[36massets/index-4a5723e3.js                            [39m[1m[2m  0.93 kB[22m[1m[22m[2m │ gzip:   0.51 kB[22m[2m │ map:     2.52 kB[22m
[2mstorybook-static/[22m[36massets/jsx-runtime-6eef64cc.js                      [39m[1m[2m  0.97 kB[22m[1m[22m[2m │ gzip:   0.61 kB[22m[2m │ map:     2.21 kB[22m
[2mstorybook-static/[22m[36massets/home.stories-f2d6ceb0.js                     [39m[1m[2m  1.10 kB[22m[1m[22m[2m │ gzip:   0.60 kB[22m[2m │ map:     1.32 kB[22m
[2mstorybook-static/[22m[36massets/radii.stories-fe657ce9.js                    [39m[1m[2m  1.17 kB[22m[1m[22m[2m │ gzip:   0.63 kB[22m[2m │ map:     1.43 kB[22m
[2mstorybook-static/[22m[36massets/space.stories-d620c3d8.js                    [39m[1m[2m  1.18 kB[22m[1m[22m[2m │ gzip:   0.64 kB[22m[2m │ map:     1.45 kB[22m
[2mstorybook-static/[22m[36massets/fonts.stories-cf4bd002.js                    [39m[1m[2m  1.20 kB[22m[1m[22m[2m │ gzip:   0.64 kB[22m[2m │ map:     1.44 kB[22m
[2mstorybook-static/[22m[36massets/line-height.stories-9f2829ca.js              [39m[1m[2m  1.20 kB[22m[1m[22m[2m │ gzip:   0.64 kB[22m[2m │ map:     1.47 kB[22m
[2mstorybook-static/[22m[36massets/font-weights.stories-f0757ab1.js             [39m[1m[2m  1.20 kB[22m[1m[22m[2m │ gzip:   0.64 kB[22m[2m │ map:     1.47 kB[22m
[2mstorybook-static/[22m[36massets/font-sizes.stories-4a310e11.js               [39m[1m[2m  1.20 kB[22m[1m[22m[2m │ gzip:   0.65 kB[22m[2m │ map:     1.48 kB[22m
[2mstorybook-static/[22m[36massets/colors.stories-864af3d3.js                   [39m[1m[2m  1.52 kB[22m[1m[22m[2m │ gzip:   0.82 kB[22m[2m │ map:     2.63 kB[22m
[2mstorybook-static/[22m[36massets/preview-a60aa466.js                          [39m[1m[2m  2.40 kB[22m[1m[22m[2m │ gzip:   1.25 kB[22m[2m │ map:    10.69 kB[22m
[2mstorybook-static/[22m[36massets/index-d37d4223.js                            [39m[1m[2m  2.63 kB[22m[1m[22m[2m │ gzip:   1.30 kB[22m[2m │ map:     7.43 kB[22m
[2mstorybook-static/[22m[36massets/preview-15309724.js                          [39m[1m[2m  3.22 kB[22m[1m[22m[2m │ gzip:   1.39 kB[22m[2m │ map:    10.15 kB[22m
[2mstorybook-static/[22m[36massets/index-c013ead5.js                            [39m[1m[2m  7.21 kB[22m[1m[22m[2m │ gzip:   2.95 kB[22m[2m │ map:    15.62 kB[22m
[2mstorybook-static/[22m[36massets/iframe-31825d84.js                           [39m[1m[2m  7.21 kB[22m[1m[22m[2m │ gzip:   1.88 kB[22m[2m │ map:     6.65 kB[22m
[2mstorybook-static/[22m[36massets/preview-b8d6c68d.js                          [39m[1m[2m  7.67 kB[22m[1m[22m[2m │ gzip:   1.59 kB[22m[2m │ map:    14.14 kB[22m
[2mstorybook-static/[22m[36massets/preview-2059b184.js                          [39m[1m[2m  8.32 kB[22m[1m[22m[2m │ gzip:   3.20 kB[22m[2m │ map:    29.30 kB[22m
[2mstorybook-static/[22m[36massets/GlobalScrollAreaStyles-UY5SB7EJ-5d6051ec.js  [39m[1m[2m 15.04 kB[22m[1m[22m[2m │ gzip:   2.82 kB[22m[2m │ map:    21.37 kB[22m
[2mstorybook-static/[22m[36massets/Button.stories-812d2413.js                   [39m[1m[2m 19.42 kB[22m[1m[22m[2m │ gzip:   7.56 kB[22m[2m │ map:    44.77 kB[22m
[2mstorybook-static/[22m[36massets/preview-5c6325c3.js                          [39m[1m[2m 21.12 kB[22m[1m[22m[2m │ gzip:   7.00 kB[22m[2m │ map:    68.22 kB[22m
[2mstorybook-static/[22m[36massets/chunk-6P7RB4HF-c879cb99.js                   [39m[1m[2m 21.63 kB[22m[1m[22m[2m │ gzip:   7.21 kB[22m[2m │ map:    49.58 kB[22m
[2mstorybook-static/[22m[36massets/OverlayScrollbars-GZGLA7DL-95afad8c.js       [39m[1m[2m 28.95 kB[22m[1m[22m[2m │ gzip:  14.20 kB[22m[2m │ map:   108.10 kB[22m
[2mstorybook-static/[22m[36massets/Color-6VNJS4EI-3318d509.js                   [39m[1m[2m 31.05 kB[22m[1m[22m[2m │ gzip:  11.67 kB[22m[2m │ map:   112.13 kB[22m
[2mstorybook-static/[22m[36massets/index-530d9bea.js                            [39m[1m[2m213.04 kB[22m[1m[22m[2m │ gzip:  66.69 kB[22m[2m │ map:   649.39 kB[22m
[2mstorybook-static/[22m[36massets/config-1ff775c2.js                           [39m[1m[2m323.29 kB[22m[1m[22m[2m │ gzip:  99.55 kB[22m[2m │ map: 1,160.56 kB[22m
[2mstorybook-static/[22m[36massets/chunk-S4VUQJ4A-a42c2aa9.js                   [39m[1m[2m496.63 kB[22m[1m[22m[2m │ gzip: 162.35 kB[22m[2m │ map: 1,435.94 kB[22m
[2mstorybook-static/[22m[36massets/formatter-SWP5E3XI-abae142d.js               [39m[1m[33m601.64 kB[39m[22m[2m │ gzip: 185.05 kB[22m[2m │ map: 1,318.55 kB[22m
[32m✓ built in 11.80s[39m
info => Output directory: C:\Users\T-Gamer\Documents\www\Rocketseat\React\aulas\05-design-system\packages\docs\storybook-static
